app/build/intermediates/manifest_merge_blame_file/debug/manifest-merger-blame-debug-report.txt
1<?xml version="1.0" encoding="utf-8"?>
2<manifest xmlns:android="http://schemas.android.com/apk/res/android"
3    package="com.example.hephas"
4    android:versionCode="1"
5    android:versionName="1.0" >
6
7    <uses-sdk
8        android:minSdkVersion="16"
8-->src\main\AndroidManifest.xml
9        android:targetSdkVersion="28" />
9-->src\main\AndroidManifest.xml
10
11    <uses-permission android:name="android.permission.INTERNET" />
11-->src\main\AndroidManifest.xml:33:5-67
11-->src\main\AndroidManifest.xml:33:22-64
12
13    <!-- Permissions to be used when using these features -->
14    <uses-permission android:name="android.permission.CAMERA" />
14-->[io.kommunicate:kommunicate:1.9.0] AndroidManifest.xml:13:5-15:30
14-->[io.kommunicate:kommunicate:1.9.0] AndroidManifest.xml:14:9-49
15    <uses-permission android:name="android.permission.WRITE_EXTERNAL_STORAGE" />
15-->[io.kommunicate:kommunicate:1.9.0] AndroidManifest.xml:16:5-18:30
15-->[io.kommunicate:kommunicate:1.9.0] AndroidManifest.xml:17:9-65
16    <uses-permission android:name="android.permission.READ_EXTERNAL_STORAGE" />
16-->[io.kommunicate:kommunicate:1.9.0] AndroidManifest.xml:19:5-21:30
16-->[io.kommunicate:kommunicate:1.9.0] AndroidManifest.xml:20:9-64
17    <uses-permission android:name="android.permission.RECORD_AUDIO" /> <!-- Mandatory permissions -->
17-->[io.kommunicate:kommunicate:1.9.0] AndroidManifest.xml:22:5-24:30
17-->[io.kommunicate:kommunicate:1.9.0] AndroidManifest.xml:23:9-55
18    <uses-permission android:name="android.permission.VIBRATE" />
18-->[io.kommunicate:kommunicate:1.9.0] AndroidManifest.xml:27:5-29:30
18-->[io.kommunicate:kommunicate:1.9.0] AndroidManifest.xml:28:9-50
19    <uses-permission android:name="android.permission.ACCESS_COARSE_LOCATION" />
19-->[io.kommunicate:kommunicate:1.9.0] AndroidManifest.xml:30:5-32:30
19-->[io.kommunicate:kommunicate:1.9.0] AndroidManifest.xml:31:9-65
20    <uses-permission android:name="android.permission.ACCESS_FINE_LOCATION" />
20-->[io.kommunicate:kommunicate:1.9.0] AndroidManifest.xml:33:5-35:30
20-->[io.kommunicate:kommunicate:1.9.0] AndroidManifest.xml:34:9-63
21    <uses-permission android:name="android.permission.ACCESS_NETWORK_STATE" />
21-->[io.kommunicate:kommunicate:1.9.0] AndroidManifest.xml:39:5-41:30
21-->[io.kommunicate:kommunicate:1.9.0] AndroidManifest.xml:40:9-63
22    <uses-permission android:name="android.permission.RECEIVE_BOOT_COMPLETED" />
22-->[io.kommunicate:kommunicate:1.9.0] AndroidManifest.xml:42:5-44:30
22-->[io.kommunicate:kommunicate:1.9.0] AndroidManifest.xml:43:9-65
23
24    <uses-feature
24-->[com.google.android.gms:play-services-maps:16.1.0] AndroidManifest.xml:26:5-28:35
25        android:glEsVersion="0x00020000"
25-->[com.google.android.gms:play-services-maps:16.1.0] AndroidManifest.xml:27:9-41
26        android:required="true" />
26-->[com.google.android.gms:play-services-maps:16.1.0] AndroidManifest.xml:28:9-32
27
28    <uses-permission android:name="android.permission.WAKE_LOCK" /> <!-- Required by older versions of Google Play services to create IID tokens -->
28-->[com.google.firebase:firebase-iid:18.0.0] AndroidManifest.xml:24:5-68
28-->[com.google.firebase:firebase-iid:18.0.0] AndroidManifest.xml:24:22-65
29    <uses-permission android:name="com.google.android.c2dm.permission.RECEIVE" />
29-->[com.google.firebase:firebase-iid:18.0.0] AndroidManifest.xml:26:5-82
29-->[com.google.firebase:firebase-iid:18.0.0] AndroidManifest.xml:26:22-79
30
31    <application
31-->src\main\AndroidManifest.xml:5:5-31:19
32        android:allowBackup="true"
32-->src\main\AndroidManifest.xml:6:9-35
33        android:appComponentFactory="androidx.core.app.CoreComponentFactory"
33-->[androidx.core:core:1.0.1] AndroidManifest.xml:22:18-86
34        android:debuggable="true"
35        android:icon="@mipmap/ic_launcher"
35-->src\main\AndroidManifest.xml:7:9-43
36        android:label="@string/app_name"
36-->src\main\AndroidManifest.xml:8:9-41
37        android:roundIcon="@mipmap/ic_launcher_round"
37-->src\main\AndroidManifest.xml:9:9-54
38        android:supportsRtl="true"
38-->src\main\AndroidManifest.xml:10:9-35
39        android:testOnly="true"
40        android:theme="@style/AppTheme" >
40-->src\main\AndroidManifest.xml:11:9-40
41        <activity
41-->src\main\AndroidManifest.xml:12:9-19:20
42            android:name="com.example.hephas.splashscreen"
42-->src\main\AndroidManifest.xml:12:19-47
43            android:theme="@style/AppTheme.NoActionBar" >
43-->src\main\AndroidManifest.xml:13:13-56
44            <intent-filter>
44-->src\main\AndroidManifest.xml:14:13-18:29
45                <action android:name="android.intent.action.MAIN" />
45-->src\main\AndroidManifest.xml:15:17-69
45-->src\main\AndroidManifest.xml:15:25-66
46
47                <category android:name="android.intent.category.LAUNCHER" />
47-->src\main\AndroidManifest.xml:17:17-77
47-->src\main\AndroidManifest.xml:17:27-74
48            </intent-filter>
49        </activity>
50        <activity
50-->src\main\AndroidManifest.xml:20:9-23:58
51            android:name="com.example.hephas.AboutHephas"
51-->src\main\AndroidManifest.xml:21:13-40
52            android:label="ABOUT"
52-->src\main\AndroidManifest.xml:22:13-34
53            android:parentActivityName="com.example.hephas.MainActivity" />
53-->src\main\AndroidManifest.xml:23:13-55
54        <activity
54-->src\main\AndroidManifest.xml:24:9-26:58
55            android:name="com.example.hephas.Chat"
55-->src\main\AndroidManifest.xml:25:13-33
56            android:parentActivityName="com.example.hephas.MainActivity" />
56-->src\main\AndroidManifest.xml:26:13-55
57        <activity
57-->src\main\AndroidManifest.xml:27:9-30:20
58            android:name="com.example.hephas.MainActivity"
58-->src\main\AndroidManifest.xml:27:19-47
59            android:label="HEPHAS BOT" >
59-->src\main\AndroidManifest.xml:28:13-39
60        </activity>
61
62        <provider
62-->[io.kommunicate:kommunicate:1.9.0] AndroidManifest.xml:50:9-59:20
63            android:name="com.applozic.mobicomkit.uiwidgets.ALFileProvider"
63-->[io.kommunicate:kommunicate:1.9.0] AndroidManifest.xml:51:13-76
64            android:authorities="com.example.hephas.provider"
64-->[io.kommunicate:kommunicate:1.9.0] AndroidManifest.xml:52:13-60
65            android:exported="false"
65-->[io.kommunicate:kommunicate:1.9.0] AndroidManifest.xml:53:13-37
66            android:grantUriPermissions="true" >
66-->[io.kommunicate:kommunicate:1.9.0] AndroidManifest.xml:54:13-47
67            <meta-data
67-->[io.kommunicate:kommunicate:1.9.0] AndroidManifest.xml:56:13-58:67
68                android:name="android.support.FILE_PROVIDER_PATHS"
68-->[io.kommunicate:kommunicate:1.9.0] AndroidManifest.xml:57:17-67
69                android:resource="@xml/applozic_provider_paths" />
69-->[io.kommunicate:kommunicate:1.9.0] AndroidManifest.xml:58:17-64
70        </provider>
71
72        <activity
72-->[io.kommunicate:kommunicate:1.9.0] AndroidManifest.xml:61:9-67:34
73            android:name="com.applozic.mobicomkit.uiwidgets.conversation.activity.ConversationActivity"
73-->[io.kommunicate:kommunicate:1.9.0] AndroidManifest.xml:62:13-104
74            android:configChanges="keyboardHidden|screenSize|locale|smallestScreenSize|screenLayout|orientation"
74-->[io.kommunicate:kommunicate:1.9.0] AndroidManifest.xml:63:13-113
75            android:label="@string/app_name"
75-->[io.kommunicate:kommunicate:1.9.0] AndroidManifest.xml:64:13-45
76            android:launchMode="singleTask"
76-->[io.kommunicate:kommunicate:1.9.0] AndroidManifest.xml:65:13-44
77            android:theme="@style/ApplozicTheme" />
77-->[io.kommunicate:kommunicate:1.9.0] AndroidManifest.xml:66:13-49
78        <activity
78-->[io.kommunicate:kommunicate:1.9.0] AndroidManifest.xml:68:9-73:52
79            android:name="com.applozic.mobicomkit.uiwidgets.conversation.activity.ChannelNameActivity"
79-->[io.kommunicate:kommunicate:1.9.0] AndroidManifest.xml:69:13-103
80            android:configChanges="keyboardHidden|screenSize|smallestScreenSize|screenLayout|orientation"
80-->[io.kommunicate:kommunicate:1.9.0] AndroidManifest.xml:70:13-106
81            android:launchMode="singleTop"
81-->[io.kommunicate:kommunicate:1.9.0] AndroidManifest.xml:71:13-43
82            android:parentActivityName="com.applozic.mobicomkit.uiwidgets.conversation.activity.ConversationActivity"
82-->[io.kommunicate:kommunicate:1.9.0] AndroidManifest.xml:72:13-118
83            android:theme="@style/ApplozicTheme" />
83-->[io.kommunicate:kommunicate:1.9.0] AndroidManifest.xml:73:13-49
84        <activity
84-->[io.kommunicate:kommunicate:1.9.0] AndroidManifest.xml:74:9-83:20
85            android:name="com.applozic.mobicomkit.uiwidgets.conversation.activity.ChannelInfoActivity"
85-->[io.kommunicate:kommunicate:1.9.0] AndroidManifest.xml:75:13-103
86            android:configChanges="keyboardHidden|screenSize|smallestScreenSize|screenLayout|orientation"
86-->[io.kommunicate:kommunicate:1.9.0] AndroidManifest.xml:76:13-106
87            android:launchMode="singleTop"
87-->[io.kommunicate:kommunicate:1.9.0] AndroidManifest.xml:77:13-43
88            android:parentActivityName="com.applozic.mobicomkit.uiwidgets.conversation.activity.ConversationActivity"
88-->[io.kommunicate:kommunicate:1.9.0] AndroidManifest.xml:78:13-118
89            android:theme="@style/ApplozicTheme" >
89-->[io.kommunicate:kommunicate:1.9.0] AndroidManifest.xml:79:13-49
90            <meta-data
90-->[io.kommunicate:kommunicate:1.9.0] AndroidManifest.xml:80:13-82:112
91                android:name="android.support.PARENT_ACTIVITY"
91-->[io.kommunicate:kommunicate:1.9.0] AndroidManifest.xml:81:17-63
92                android:value="com.applozic.mobicomkit.uiwidgets.conversation.activity.ConversationActivity" />
92-->[io.kommunicate:kommunicate:1.9.0] AndroidManifest.xml:82:17-109
93        </activity>
94        <activity
94-->[io.kommunicate:kommunicate:1.9.0] AndroidManifest.xml:84:9-89:58
95            android:name="com.applozic.mobicomkit.uiwidgets.conversation.activity.MobicomLocationActivity"
95-->[io.kommunicate:kommunicate:1.9.0] AndroidManifest.xml:85:13-107
96            android:configChanges="keyboardHidden|screenSize|smallestScreenSize|screenLayout|orientation"
96-->[io.kommunicate:kommunicate:1.9.0] AndroidManifest.xml:86:13-106
97            android:parentActivityName="com.applozic.mobicomkit.uiwidgets.conversation.activity.ConversationActivity"
97-->[io.kommunicate:kommunicate:1.9.0] AndroidManifest.xml:87:13-118
98            android:theme="@style/ApplozicTheme"
98-->[io.kommunicate:kommunicate:1.9.0] AndroidManifest.xml:88:13-49
99            android:windowSoftInputMode="adjustResize" />
99-->[io.kommunicate:kommunicate:1.9.0] AndroidManifest.xml:89:13-55
100        <activity
100-->[io.kommunicate:kommunicate:1.9.0] AndroidManifest.xml:90:9-100:20
101            android:name="com.applozic.mobicomkit.uiwidgets.conversation.activity.ContactSelectionActivity"
101-->[io.kommunicate:kommunicate:1.9.0] AndroidManifest.xml:91:13-108
102            android:configChanges="keyboardHidden|screenSize|smallestScreenSize|screenLayout|orientation"
102-->[io.kommunicate:kommunicate:1.9.0] AndroidManifest.xml:92:13-106
103            android:launchMode="singleTop"
103-->[io.kommunicate:kommunicate:1.9.0] AndroidManifest.xml:93:13-43
104            android:parentActivityName="com.applozic.mobicomkit.uiwidgets.conversation.activity.ConversationActivity"
104-->[io.kommunicate:kommunicate:1.9.0] AndroidManifest.xml:94:13-118
105            android:theme="@style/ApplozicTheme" >
105-->[io.kommunicate:kommunicate:1.9.0] AndroidManifest.xml:95:13-49
106            <meta-data
106-->[io.kommunicate:kommunicate:1.9.0] AndroidManifest.xml:80:13-82:112
107                android:name="android.support.PARENT_ACTIVITY"
107-->[io.kommunicate:kommunicate:1.9.0] AndroidManifest.xml:81:17-63
108                android:value="com.applozic.mobicomkit.uiwidgets.conversation.activity.ConversationActivity" />
108-->[io.kommunicate:kommunicate:1.9.0] AndroidManifest.xml:82:17-109
109        </activity>
110        <activity
110-->[io.kommunicate:kommunicate:1.9.0] AndroidManifest.xml:101:9-111:20
111            android:name="com.applozic.mobicomkit.uiwidgets.conversation.activity.ChannelCreateActivity"
111-->[io.kommunicate:kommunicate:1.9.0] AndroidManifest.xml:102:13-105
112            android:configChanges="keyboardHidden|screenSize|smallestScreenSize|screenLayout|orientation"
112-->[io.kommunicate:kommunicate:1.9.0] AndroidManifest.xml:103:13-106
113            android:launchMode="singleTop"
113-->[io.kommunicate:kommunicate:1.9.0] AndroidManifest.xml:104:13-43
114            android:parentActivityName="com.applozic.mobicomkit.uiwidgets.conversation.activity.ConversationActivity"
114-->[io.kommunicate:kommunicate:1.9.0] AndroidManifest.xml:105:13-118
115            android:theme="@style/ApplozicTheme" >
115-->[io.kommunicate:kommunicate:1.9.0] AndroidManifest.xml:106:13-49
116            <meta-data
116-->[io.kommunicate:kommunicate:1.9.0] AndroidManifest.xml:80:13-82:112
117                android:name="android.support.PARENT_ACTIVITY"
117-->[io.kommunicate:kommunicate:1.9.0] AndroidManifest.xml:81:17-63
118                android:value="com.applozic.mobicomkit.uiwidgets.conversation.activity.ConversationActivity" />
118-->[io.kommunicate:kommunicate:1.9.0] AndroidManifest.xml:82:17-109
119        </activity>
120        <activity
120-->[io.kommunicate:kommunicate:1.9.0] AndroidManifest.xml:112:9-124:20
121            android:name="com.applozic.mobicomkit.uiwidgets.conversation.activity.FullScreenImageActivity"
121-->[io.kommunicate:kommunicate:1.9.0] AndroidManifest.xml:113:13-107
122            android:configChanges="keyboardHidden|orientation|screenSize"
122-->[io.kommunicate:kommunicate:1.9.0] AndroidManifest.xml:114:13-74
123            android:label="Image"
123-->[io.kommunicate:kommunicate:1.9.0] AndroidManifest.xml:115:13-34
124            android:parentActivityName="com.applozic.mobicomkit.uiwidgets.conversation.activity.ConversationActivity"
124-->[io.kommunicate:kommunicate:1.9.0] AndroidManifest.xml:116:13-118
125            android:theme="@style/Applozic_FullScreen_Theme" >
125-->[io.kommunicate:kommunicate:1.9.0] AndroidManifest.xml:117:13-61
126
127            <!-- Parent activity meta-data to support API level 7+ -->
128            <meta-data
128-->[io.kommunicate:kommunicate:1.9.0] AndroidManifest.xml:80:13-82:112
129                android:name="android.support.PARENT_ACTIVITY"
129-->[io.kommunicate:kommunicate:1.9.0] AndroidManifest.xml:81:17-63
130                android:value="com.applozic.mobicomkit.uiwidgets.conversation.activity.ConversationActivity" />
130-->[io.kommunicate:kommunicate:1.9.0] AndroidManifest.xml:82:17-109
131        </activity>
132        <activity
132-->[io.kommunicate:kommunicate:1.9.0] AndroidManifest.xml:125:9-132:34
133            android:name="com.applozic.mobicomkit.uiwidgets.conversation.richmessaging.payment.PaymentActivity"
133-->[io.kommunicate:kommunicate:1.9.0] AndroidManifest.xml:126:13-112
134            android:configChanges="keyboardHidden|orientation|screenSize"
134-->[io.kommunicate:kommunicate:1.9.0] AndroidManifest.xml:127:13-74
135            android:label="Image"
135-->[io.kommunicate:kommunicate:1.9.0] AndroidManifest.xml:128:13-34
136            android:launchMode="singleTop"
136-->[io.kommunicate:kommunicate:1.9.0] AndroidManifest.xml:129:13-43
137            android:parentActivityName="com.applozic.mobicomkit.uiwidgets.conversation.activity.ConversationActivity"
137-->[io.kommunicate:kommunicate:1.9.0] AndroidManifest.xml:130:13-118
138            android:theme="@style/ApplozicTheme" />
138-->[io.kommunicate:kommunicate:1.9.0] AndroidManifest.xml:131:13-49
139        <activity
139-->[io.kommunicate:kommunicate:1.9.0] AndroidManifest.xml:133:9-148:20
140            android:name="com.applozic.mobicomkit.uiwidgets.people.activity.MobiComKitPeopleActivity"
140-->[io.kommunicate:kommunicate:1.9.0] AndroidManifest.xml:134:13-102
141            android:configChanges="keyboardHidden|screenSize|smallestScreenSize|screenLayout|orientation"
141-->[io.kommunicate:kommunicate:1.9.0] AndroidManifest.xml:135:13-106
142            android:label="@string/app_name"
142-->[io.kommunicate:kommunicate:1.9.0] AndroidManifest.xml:136:13-45
143            android:parentActivityName="com.applozic.mobicomkit.uiwidgets.conversation.activity.ConversationActivity"
143-->[io.kommunicate:kommunicate:1.9.0] AndroidManifest.xml:137:13-118
144            android:theme="@style/ApplozicTheme"
144-->[io.kommunicate:kommunicate:1.9.0] AndroidManifest.xml:138:13-49
145            android:windowSoftInputMode="adjustResize" >
145-->[io.kommunicate:kommunicate:1.9.0] AndroidManifest.xml:139:13-55
146
147            <!-- Parent activity meta-data to support API level 7+ -->
148            <meta-data
148-->[io.kommunicate:kommunicate:1.9.0] AndroidManifest.xml:80:13-82:112
149                android:name="android.support.PARENT_ACTIVITY"
149-->[io.kommunicate:kommunicate:1.9.0] AndroidManifest.xml:81:17-63
150                android:value="com.applozic.mobicomkit.uiwidgets.conversation.activity.ConversationActivity" />
150-->[io.kommunicate:kommunicate:1.9.0] AndroidManifest.xml:82:17-109
151            <meta-data
151-->[io.kommunicate:kommunicate:1.9.0] AndroidManifest.xml:145:13-147:63
152                android:name="android.app.searchable"
152-->[io.kommunicate:kommunicate:1.9.0] AndroidManifest.xml:146:17-54
153                android:resource="@xml/searchable_contacts" />
153-->[io.kommunicate:kommunicate:1.9.0] AndroidManifest.xml:147:17-60
154        </activity>
155        <activity
155-->[io.kommunicate:kommunicate:1.9.0] AndroidManifest.xml:149:9-153:34
156            android:name="io.kommunicate.activities.LeadCollectionActivity"
156-->[io.kommunicate:kommunicate:1.9.0] AndroidManifest.xml:150:13-76
157            android:configChanges="keyboardHidden|orientation|screenSize"
157-->[io.kommunicate:kommunicate:1.9.0] AndroidManifest.xml:151:13-74
158            android:theme="@style/ApplozicTheme" />
158-->[io.kommunicate:kommunicate:1.9.0] AndroidManifest.xml:152:13-49
159        <activity
159-->[io.kommunicate:kommunicate:1.9.0] AndroidManifest.xml:154:9-164:20
160            android:name="com.applozic.mobicomkit.uiwidgets.conversation.activity.MobiComAttachmentSelectorActivity"
160-->[io.kommunicate:kommunicate:1.9.0] AndroidManifest.xml:155:13-117
161            android:configChanges="keyboardHidden|screenSize|smallestScreenSize|screenLayout|orientation"
161-->[io.kommunicate:kommunicate:1.9.0] AndroidManifest.xml:156:13-106
162            android:launchMode="singleTop"
162-->[io.kommunicate:kommunicate:1.9.0] AndroidManifest.xml:157:13-43
163            android:parentActivityName="com.applozic.mobicomkit.uiwidgets.conversation.activity.ConversationActivity"
163-->[io.kommunicate:kommunicate:1.9.0] AndroidManifest.xml:158:13-118
164            android:theme="@style/ApplozicTheme"
164-->[io.kommunicate:kommunicate:1.9.0] AndroidManifest.xml:159:13-49
165            android:windowSoftInputMode="stateHidden|adjustResize" >
165-->[io.kommunicate:kommunicate:1.9.0] AndroidManifest.xml:160:13-67
166            <meta-data
166-->[io.kommunicate:kommunicate:1.9.0] AndroidManifest.xml:80:13-82:112
167                android:name="android.support.PARENT_ACTIVITY"
167-->[io.kommunicate:kommunicate:1.9.0] AndroidManifest.xml:81:17-63
168                android:value="com.applozic.mobicomkit.uiwidgets.conversation.activity.ConversationActivity" />
168-->[io.kommunicate:kommunicate:1.9.0] AndroidManifest.xml:82:17-109
169        </activity>
170        <activity
170-->[io.kommunicate:kommunicate:1.9.0] AndroidManifest.xml:165:9-168:34
171            android:name="com.theartofdev.edmodo.cropper.CropImageActivity"
171-->[io.kommunicate:kommunicate:1.9.0] AndroidManifest.xml:166:13-76
172            android:theme="@style/Base.Theme.AppCompat" />
172-->[io.kommunicate:kommunicate:1.9.0] AndroidManifest.xml:167:13-56
173
174        <service
174-->[io.kommunicate:kommunicate:1.9.0] AndroidManifest.xml:170:9-174:34
175            android:name="com.applozic.mobicomkit.api.conversation.MessageIntentService"
175-->[io.kommunicate:kommunicate:1.9.0] AndroidManifest.xml:171:13-89
176            android:exported="false"
176-->[io.kommunicate:kommunicate:1.9.0] AndroidManifest.xml:172:13-37
177            android:permission="android.permission.BIND_JOB_SERVICE" />
177-->[io.kommunicate:kommunicate:1.9.0] AndroidManifest.xml:173:13-69
178        <service
178-->[io.kommunicate:kommunicate:1.9.0] AndroidManifest.xml:175:9-179:34
179            android:name="com.applozic.mobicomkit.api.conversation.ApplozicIntentService"
179-->[io.kommunicate:kommunicate:1.9.0] AndroidManifest.xml:176:13-90
180            android:exported="false"
180-->[io.kommunicate:kommunicate:1.9.0] AndroidManifest.xml:177:13-37
181            android:permission="android.permission.BIND_JOB_SERVICE" />
181-->[io.kommunicate:kommunicate:1.9.0] AndroidManifest.xml:178:13-69
182        <service
182-->[io.kommunicate:kommunicate:1.9.0] AndroidManifest.xml:180:9-184:34
183            android:name="com.applozic.mobicomkit.api.conversation.ApplozicMqttIntentService"
183-->[io.kommunicate:kommunicate:1.9.0] AndroidManifest.xml:181:13-94
184            android:exported="false"
184-->[io.kommunicate:kommunicate:1.9.0] AndroidManifest.xml:182:13-37
185            android:permission="android.permission.BIND_JOB_SERVICE" />
185-->[io.kommunicate:kommunicate:1.9.0] AndroidManifest.xml:183:13-69
186        <service
186-->[io.kommunicate:kommunicate:1.9.0] AndroidManifest.xml:185:9-189:34
187            android:name="com.applozic.mobicomkit.api.people.UserIntentService"
187-->[io.kommunicate:kommunicate:1.9.0] AndroidManifest.xml:186:13-80
188            android:exported="false"
188-->[io.kommunicate:kommunicate:1.9.0] AndroidManifest.xml:187:13-37
189            android:permission="android.permission.BIND_JOB_SERVICE" />
189-->[io.kommunicate:kommunicate:1.9.0] AndroidManifest.xml:188:13-69
190        <service
190-->[io.kommunicate:kommunicate:1.9.0] AndroidManifest.xml:190:9-194:34
191            android:name="com.applozic.mobicomkit.api.conversation.ConversationIntentService"
191-->[io.kommunicate:kommunicate:1.9.0] AndroidManifest.xml:191:13-94
192            android:exported="false"
192-->[io.kommunicate:kommunicate:1.9.0] AndroidManifest.xml:192:13-37
193            android:permission="android.permission.BIND_JOB_SERVICE" />
193-->[io.kommunicate:kommunicate:1.9.0] AndroidManifest.xml:193:13-69
194
195        <receiver android:name="com.applozic.mobicomkit.broadcast.TimeChangeBroadcastReceiver" >
195-->[io.kommunicate:kommunicate:1.9.0] AndroidManifest.xml:196:9-203:20
195-->[io.kommunicate:kommunicate:1.9.0] AndroidManifest.xml:197:13-89
196            <intent-filter>
196-->[io.kommunicate:kommunicate:1.9.0] AndroidManifest.xml:199:13-202:29
197                <action android:name="android.intent.action.TIME_SET" />
197-->[io.kommunicate:kommunicate:1.9.0] AndroidManifest.xml:200:17-73
197-->[io.kommunicate:kommunicate:1.9.0] AndroidManifest.xml:200:25-70
198                <action android:name="android.intent.action.TIMEZONE_CHANGED" />
198-->[io.kommunicate:kommunicate:1.9.0] AndroidManifest.xml:201:17-81
198-->[io.kommunicate:kommunicate:1.9.0] AndroidManifest.xml:201:25-78
199            </intent-filter>
200        </receiver>
201        <receiver
201-->[io.kommunicate:kommunicate:1.9.0] AndroidManifest.xml:204:9-212:20
202            android:name="com.applozic.mobicomkit.broadcast.ConnectivityReceiver"
202-->[io.kommunicate:kommunicate:1.9.0] AndroidManifest.xml:205:13-82
203            android:enabled="true"
203-->[io.kommunicate:kommunicate:1.9.0] AndroidManifest.xml:206:13-35
204            android:exported="true" >
204-->[io.kommunicate:kommunicate:1.9.0] AndroidManifest.xml:207:13-36
205            <intent-filter>
205-->[io.kommunicate:kommunicate:1.9.0] AndroidManifest.xml:209:13-211:29
206                <action android:name="android.intent.action.BOOT_COMPLETED" />
206-->[io.kommunicate:kommunicate:1.9.0] AndroidManifest.xml:210:17-79
206-->[io.kommunicate:kommunicate:1.9.0] AndroidManifest.xml:210:25-76
207            </intent-filter>
208            <intent-filter>
208-->[com.applozic.communication.message:mobicomkit:5.51] AndroidManifest.xml:72:13-75:29
209                <action android:name="android.intent.action.BOOT_COMPLETED" />
209-->[io.kommunicate:kommunicate:1.9.0] AndroidManifest.xml:210:17-79
209-->[io.kommunicate:kommunicate:1.9.0] AndroidManifest.xml:210:25-76
210                <action android:name="android.intent.action.QUICKBOOT_POWERON" />
210-->[com.applozic.communication.message:mobicomkit:5.51] AndroidManifest.xml:74:17-82
210-->[com.applozic.communication.message:mobicomkit:5.51] AndroidManifest.xml:74:25-79
211            </intent-filter>
212        </receiver>
213
214        <meta-data
214-->[io.kommunicate:kommunicate:1.9.0] AndroidManifest.xml:214:9-216:108
215            android:name="activity.open.on.notification"
215-->[io.kommunicate:kommunicate:1.9.0] AndroidManifest.xml:215:13-57
216            android:value="com.applozic.mobicomkit.uiwidgets.conversation.activity.ConversationActivity" />
216-->[io.kommunicate:kommunicate:1.9.0] AndroidManifest.xml:216:13-105
217        <meta-data
217-->[io.kommunicate:kommunicate:1.9.0] AndroidManifest.xml:217:9-219:48
218            android:name="com.package.name"
218-->[io.kommunicate:kommunicate:1.9.0] AndroidManifest.xml:218:13-44
219            android:value="com.example.hephas" />
219-->[io.kommunicate:kommunicate:1.9.0] AndroidManifest.xml:219:13-45
220        <meta-data
220-->[io.kommunicate:kommunicate:1.9.0] AndroidManifest.xml:220:9-222:59
221            android:name="com.applozic.server.url"
221-->[io.kommunicate:kommunicate:1.9.0] AndroidManifest.xml:221:13-51
222            android:value="https://chat.kommunicate.io" />
222-->[io.kommunicate:kommunicate:1.9.0] AndroidManifest.xml:222:13-56
223        <meta-data
223-->[io.kommunicate:kommunicate:1.9.0] AndroidManifest.xml:223:9-225:62
224            android:name="com.applozic.mqtt.server.url"
224-->[io.kommunicate:kommunicate:1.9.0] AndroidManifest.xml:224:13-56
225            android:value="tcp://socket.applozic.com:1883" />
225-->[io.kommunicate:kommunicate:1.9.0] AndroidManifest.xml:225:13-59
226        <meta-data
226-->[com.applozic.communication.message:mobicomkit:5.51] AndroidManifest.xml:23:9-26:34
227            android:name="main_folder_name"
227-->[com.applozic.communication.message:mobicomkit:5.51] AndroidManifest.xml:24:13-44
228            android:value="Applozic" />
228-->[com.applozic.communication.message:mobicomkit:5.51] AndroidManifest.xml:25:13-37
229
230        <service
230-->[com.applozic.communication.message:mobicomkit:5.51] AndroidManifest.xml:28:9-32:34
231            android:name="com.applozic.mobicomkit.contact.DeviceContactSyncService"
231-->[com.applozic.communication.message:mobicomkit:5.51] AndroidManifest.xml:29:13-84
232            android:exported="false"
232-->[com.applozic.communication.message:mobicomkit:5.51] AndroidManifest.xml:30:13-37
233            android:permission="android.permission.BIND_JOB_SERVICE" />
233-->[com.applozic.communication.message:mobicomkit:5.51] AndroidManifest.xml:31:13-69
234        <!--
235             FirebaseMessagingService performs security checks at runtime,
236             but set to not exported to explicitly avoid allowing another app to call it.
237        -->
238        <service
238-->[com.google.firebase:firebase-messaging:18.0.0] AndroidManifest.xml:28:9-34:19
239            android:name="com.google.firebase.messaging.FirebaseMessagingService"
239-->[com.google.firebase:firebase-messaging:18.0.0] AndroidManifest.xml:29:13-82
240            android:exported="false" >
240-->[com.google.firebase:firebase-messaging:18.0.0] AndroidManifest.xml:30:13-37
241            <intent-filter android:priority="-500" >
241-->[com.google.firebase:firebase-messaging:18.0.0] AndroidManifest.xml:31:13-33:29
241-->[com.google.firebase:firebase-messaging:18.0.0] AndroidManifest.xml:31:28-51
242                <action android:name="com.google.firebase.MESSAGING_EVENT" />
242-->[com.google.firebase:firebase-messaging:18.0.0] AndroidManifest.xml:32:17-78
242-->[com.google.firebase:firebase-messaging:18.0.0] AndroidManifest.xml:32:25-75
243            </intent-filter>
244        </service> <!-- Needs to be explicitly declared on P+ -->
245        <uses-library
245-->[com.google.android.gms:play-services-maps:16.1.0] AndroidManifest.xml:33:9-35:40
246            android:name="org.apache.http.legacy"
246-->[com.google.android.gms:play-services-maps:16.1.0] AndroidManifest.xml:34:13-50
247            android:required="false" />
247-->[com.google.android.gms:play-services-maps:16.1.0] AndroidManifest.xml:35:13-37
248
249        <service
249-->[com.google.firebase:firebase-iid:18.0.0] AndroidManifest.xml:29:9-35:19
250            android:name="com.google.firebase.components.ComponentDiscoveryService"
250-->[com.google.firebase:firebase-iid:18.0.0] AndroidManifest.xml:30:13-84
251            android:exported="false" >
251-->[com.google.firebase:firebase-iid:18.0.0] AndroidManifest.xml:31:13-37
252            <meta-data
252-->[com.google.firebase:firebase-iid:18.0.0] AndroidManifest.xml:32:13-34:85
253                android:name="com.google.firebase.components:com.google.firebase.iid.Registrar"
253-->[com.google.firebase:firebase-iid:18.0.0] AndroidManifest.xml:33:17-96
254                android:value="com.google.firebase.components.ComponentRegistrar" />
254-->[com.google.firebase:firebase-iid:18.0.0] AndroidManifest.xml:34:17-82
255        </service>
256
257        <receiver
257-->[com.google.firebase:firebase-iid:18.0.0] AndroidManifest.xml:37:9-44:20